[debug] [2020-12-22T15:29:15.635Z] ----------------------------------------------------------------------
[debug] [2020-12-22T15:29:15.637Z] Command:       /home/avijit/.nvm/versions/node/v12.18.3/bin/node /usr/local/bin/firebase emulators:start
[debug] [2020-12-22T15:29:15.638Z] CLI Version:   9.0.1
[debug] [2020-12-22T15:29:15.638Z] Platform:      linux
[debug] [2020-12-22T15:29:15.638Z] Node Version:  v12.18.3
[debug] [2020-12-22T15:29:15.678Z] Time:          Tue Dec 22 2020 20:59:15 GMT+0530 (India Standard Time)
[debug] [2020-12-22T15:29:15.679Z] ----------------------------------------------------------------------
[debug] [2020-12-22T15:29:15.679Z] 
[debug] [2020-12-22T15:29:15.693Z] > command requires scopes: ["email","openid","https://www.googleapis.com/auth/cloudplatformprojects.readonly","https://www.googleapis.com/auth/firebase","https://www.googleapis.com/auth/cloud-platform"]
[debug] [2020-12-22T15:29:15.694Z] > authorizing via signed-in user
[info] i  emulators: Starting emulators: functions, hosting {"metadata":{"emulator":{"name":"hub"},"message":"Starting emulators: functions, hosting"}}
[debug] [2020-12-22T15:29:15.740Z] [hub] writing locator at /tmp/hub-clone-d754c.json
[warn] ⚠  functions: The following emulators are not running, calls to these services from the Functions emulator will affect production: auth, firestore, database, pubsub {"metadata":{"emulator":{"name":"functions"},"message":"The following emulators are not running, calls to these services from the Functions emulator will affect production: \u001b[1mauth, firestore, database, pubsub\u001b[22m"}}
[info] ✔  functions: Using node@12 from host. {"metadata":{"emulator":{"name":"functions"},"message":"Using node@12 from host."}}
[debug] [2020-12-22T15:29:15.866Z] defaultcredentials: writing to file /home/avijit/.config/firebase/avijitb440_gmail_com_application_default_credentials.json
[debug] [2020-12-22T15:29:15.879Z] Setting GAC to /home/avijit/.config/firebase/avijitb440_gmail_com_application_default_credentials.json {"metadata":{"emulator":{"name":"functions"},"message":"Setting GAC to /home/avijit/.config/firebase/avijitb440_gmail_com_application_default_credentials.json"}}
[debug] [2020-12-22T15:29:15.891Z] > refreshing access token with scopes: ["email","https://www.googleapis.com/auth/cloud-platform","https://www.googleapis.com/auth/cloudplatformprojects.readonly","https://www.googleapis.com/auth/firebase","openid"]
[debug] [2020-12-22T15:29:15.892Z] >>> HTTP REQUEST POST https://www.googleapis.com/oauth2/v3/token  
 <request body omitted>
[debug] [2020-12-22T15:29:16.236Z] <<< HTTP RESPONSE 200 {"date":"Tue, 22 Dec 2020 15:29:16 GMT","expires":"Mon, 01 Jan 1990 00:00:00 GMT","cache-control":"no-cache, no-store, max-age=0, must-revalidate","pragma":"no-cache","content-type":"application/json; charset=utf-8","vary":"X-Origin, Referer, Origin,Accept-Encoding","server":"scaffolding on HTTPServer2","x-xss-protection":"0","x-frame-options":"SAMEORIGIN","x-content-type-options":"nosniff","alt-svc":"h3-29=\":443\"; ma=2592000,h3-T051=\":443\"; ma=2592000,h3-Q050=\":443\"; ma=2592000,h3-Q046=\":443\"; ma=2592000,h3-Q043=\":443\"; ma=2592000,quic=\":443\"; ma=2592000; v=\"46,43\"","accept-ranges":"none","transfer-encoding":"chunked"}
[debug] [2020-12-22T15:29:16.291Z] >>> HTTP REQUEST GET https://firebase.googleapis.com/v1beta1/projects/clone-d754c/webApps/-/config  
 
[debug] [2020-12-22T15:29:17.609Z] <<< HTTP RESPONSE 200 {"content-type":"application/json; charset=UTF-8","vary":"X-Origin, Referer, Origin,Accept-Encoding","date":"Tue, 22 Dec 2020 15:29:17 GMT","server":"ESF","cache-control":"private","x-xss-protection":"0","x-frame-options":"SAMEORIGIN","x-content-type-options":"nosniff","alt-svc":"h3-29=\":443\"; ma=2592000,h3-T051=\":443\"; ma=2592000,h3-Q050=\":443\"; ma=2592000,h3-Q046=\":443\"; ma=2592000,h3-Q043=\":443\"; ma=2592000,quic=\":443\"; ma=2592000; v=\"46,43\"","accept-ranges":"none","transfer-encoding":"chunked"}
[info] i  hosting: Serving hosting files from: build {"metadata":{"emulator":{"name":"hosting"},"message":"Serving hosting files from: \u001b[1mbuild\u001b[22m"}}
[info] ✔  hosting: Local server: http://localhost:5000 {"metadata":{"emulator":{"name":"hosting"},"message":"Local server: \u001b[4m\u001b[1mhttp://localhost:5000\u001b[22m\u001b[24m"}}
[debug] [2020-12-22T15:29:17.781Z] Ignoring unsupported arg: auto_download {"metadata":{"emulator":{"name":"ui"},"message":"Ignoring unsupported arg: auto_download"}}
[debug] [2020-12-22T15:29:17.781Z] Ignoring unsupported arg: port {"metadata":{"emulator":{"name":"ui"},"message":"Ignoring unsupported arg: port"}}
[debug] [2020-12-22T15:29:17.782Z] Starting Emulator UI with command {"binary":"node","args":["/home/avijit/.cache/firebase/emulators/ui-v1.4.0/server.bundle.js"],"optionalArgs":[],"joinArgs":false} {"metadata":{"emulator":{"name":"ui"},"message":"Starting Emulator UI with command {\"binary\":\"node\",\"args\":[\"/home/avijit/.cache/firebase/emulators/ui-v1.4.0/server.bundle.js\"],\"optionalArgs\":[],\"joinArgs\":false}"}}
[info] i  ui: Emulator UI logging to ui-debug.log {"metadata":{"emulator":{"name":"ui"},"message":"Emulator UI logging to \u001b[1mui-debug.log\u001b[22m"}}
[debug] [2020-12-22T15:29:17.972Z] Web / API server started at http://localhost:4000
 {"metadata":{"emulator":{"name":"ui"},"message":"Web / API server started at http://localhost:4000\n"}}
[info] i  functions: Watching "/home/avijit/Desktop/personal_projects/amazon-clone/functions" for Cloud Functions... {"metadata":{"emulator":{"name":"functions"},"message":"Watching \"/home/avijit/Desktop/personal_projects/amazon-clone/functions\" for Cloud Functions..."}}
[debug] [2020-12-22T15:29:18.075Z] [worker-pool] addWorker(~diagnostic~) {"metadata":{"emulator":{"name":"functions"},"message":"[worker-pool] addWorker(~diagnostic~)"}}
[debug] [2020-12-22T15:29:18.076Z] [worker-pool] Adding worker with key ~diagnostic~, total=1 {"metadata":{"emulator":{"name":"functions"},"message":"[worker-pool] Adding worker with key ~diagnostic~, total=1"}}
[debug] [2020-12-22T15:29:18.076Z] [worker-pool] submitWork(triggerId=) {"metadata":{"emulator":{"name":"functions"},"message":"[worker-pool] submitWork(triggerId=)"}}
[debug] [2020-12-22T15:29:18.077Z] [worker-~diagnostic~-d88ccc99-25a3-46a6-b367-eca25478191a]: Assigning socketPath: /tmp/fire_emu_663741.sock {"metadata":{"emulator":{"name":"functions"},"message":"[worker-~diagnostic~-d88ccc99-25a3-46a6-b367-eca25478191a]: Assigning socketPath: /tmp/fire_emu_663741.sock"}}
[debug] [2020-12-22T15:29:18.078Z] [worker-~diagnostic~-d88ccc99-25a3-46a6-b367-eca25478191a]: BUSY {"metadata":{"emulator":{"name":"functions"},"message":"[worker-~diagnostic~-d88ccc99-25a3-46a6-b367-eca25478191a]: BUSY"}}
[debug] [2020-12-22T15:29:18.313Z] [runtime-status] [663741] Functions runtime initialized. {"cwd":"/home/avijit/Desktop/personal_projects/amazon-clone/functions","node_version":"12.18.3"} {"metadata":{"emulator":{"name":"functions"},"message":"[runtime-status] [663741] Functions runtime initialized. {\"cwd\":\"/home/avijit/Desktop/personal_projects/amazon-clone/functions\",\"node_version\":\"12.18.3\"}"}}
[debug] [2020-12-22T15:29:18.314Z] [runtime-status] [663741] Disabled runtime features: undefined {"metadata":{"emulator":{"name":"functions"},"message":"[runtime-status] [663741] Disabled runtime features: undefined"}}
[debug] [2020-12-22T15:29:18.368Z] [runtime-status] [663741] Resolved module firebase-admin {"declared":true,"installed":true,"version":"9.4.2","resolution":"/home/avijit/Desktop/personal_projects/amazon-clone/functions/node_modules/firebase-admin/lib/index.js"} {"metadata":{"emulator":{"name":"functions"},"message":"[runtime-status] [663741] Resolved module firebase-admin {\"declared\":true,\"installed\":true,\"version\":\"9.4.2\",\"resolution\":\"/home/avijit/Desktop/personal_projects/amazon-clone/functions/node_modules/firebase-admin/lib/index.js\"}"}}
[debug] [2020-12-22T15:29:18.394Z] [runtime-status] [663741] Resolved module firebase-functions {"declared":true,"installed":true,"version":"3.13.0","resolution":"/home/avijit/Desktop/personal_projects/amazon-clone/functions/node_modules/firebase-functions/lib/index.js"} {"metadata":{"emulator":{"name":"functions"},"message":"[runtime-status] [663741] Resolved module firebase-functions {\"declared\":true,\"installed\":true,\"version\":\"3.13.0\",\"resolution\":\"/home/avijit/Desktop/personal_projects/amazon-clone/functions/node_modules/firebase-functions/lib/index.js\"}"}}
[debug] [2020-12-22T15:29:18.397Z] [runtime-status] [663741] Resolved module firebase-functions {"declared":true,"installed":true,"version":"3.13.0","resolution":"/home/avijit/Desktop/personal_projects/amazon-clone/functions/node_modules/firebase-functions/lib/index.js"} {"metadata":{"emulator":{"name":"functions"},"message":"[runtime-status] [663741] Resolved module firebase-functions {\"declared\":true,\"installed\":true,\"version\":\"3.13.0\",\"resolution\":\"/home/avijit/Desktop/personal_projects/amazon-clone/functions/node_modules/firebase-functions/lib/index.js\"}"}}
[debug] [2020-12-22T15:29:18.402Z] [runtime-status] [663741] Outgoing network have been stubbed. [{"name":"http","status":"mocked"},{"name":"http","status":"mocked"},{"name":"https","status":"mocked"},{"name":"https","status":"mocked"},{"name":"net","status":"mocked"}] {"metadata":{"emulator":{"name":"functions"},"message":"[runtime-status] [663741] Outgoing network have been stubbed. [{\"name\":\"http\",\"status\":\"mocked\"},{\"name\":\"http\",\"status\":\"mocked\"},{\"name\":\"https\",\"status\":\"mocked\"},{\"name\":\"https\",\"status\":\"mocked\"},{\"name\":\"net\",\"status\":\"mocked\"}]"}}
[debug] [2020-12-22T15:29:18.404Z] [runtime-status] [663741] Resolved module firebase-functions {"declared":true,"installed":true,"version":"3.13.0","resolution":"/home/avijit/Desktop/personal_projects/amazon-clone/functions/node_modules/firebase-functions/lib/index.js"} {"metadata":{"emulator":{"name":"functions"},"message":"[runtime-status] [663741] Resolved module firebase-functions {\"declared\":true,\"installed\":true,\"version\":\"3.13.0\",\"resolution\":\"/home/avijit/Desktop/personal_projects/amazon-clone/functions/node_modules/firebase-functions/lib/index.js\"}"}}
[debug] [2020-12-22T15:29:18.755Z] [runtime-status] [663741] Checked functions.config() {"config":{}} {"metadata":{"emulator":{"name":"functions"},"message":"[runtime-status] [663741] Checked functions.config() {\"config\":{}}"}}
[debug] [2020-12-22T15:29:18.756Z] [runtime-status] [663741] firebase-functions has been stubbed. {"functionsResolution":{"declared":true,"installed":true,"version":"3.13.0","resolution":"/home/avijit/Desktop/personal_projects/amazon-clone/functions/node_modules/firebase-functions/lib/index.js"}} {"metadata":{"emulator":{"name":"functions"},"message":"[runtime-status] [663741] firebase-functions has been stubbed. {\"functionsResolution\":{\"declared\":true,\"installed\":true,\"version\":\"3.13.0\",\"resolution\":\"/home/avijit/Desktop/personal_projects/amazon-clone/functions/node_modules/firebase-functions/lib/index.js\"}}"}}
[debug] [2020-12-22T15:29:18.758Z] [runtime-status] [663741] Resolved module firebase-functions {"declared":true,"installed":true,"version":"3.13.0","resolution":"/home/avijit/Desktop/personal_projects/amazon-clone/functions/node_modules/firebase-functions/lib/index.js"} {"metadata":{"emulator":{"name":"functions"},"message":"[runtime-status] [663741] Resolved module firebase-functions {\"declared\":true,\"installed\":true,\"version\":\"3.13.0\",\"resolution\":\"/home/avijit/Desktop/personal_projects/amazon-clone/functions/node_modules/firebase-functions/lib/index.js\"}"}}
[debug] [2020-12-22T15:29:18.760Z] [runtime-status] [663741] Resolved module firebase-admin {"declared":true,"installed":true,"version":"9.4.2","resolution":"/home/avijit/Desktop/personal_projects/amazon-clone/functions/node_modules/firebase-admin/lib/index.js"} {"metadata":{"emulator":{"name":"functions"},"message":"[runtime-status] [663741] Resolved module firebase-admin {\"declared\":true,\"installed\":true,\"version\":\"9.4.2\",\"resolution\":\"/home/avijit/Desktop/personal_projects/amazon-clone/functions/node_modules/firebase-admin/lib/index.js\"}"}}
[debug] [2020-12-22T15:29:18.760Z] [runtime-status] [663741] Resolved module firebase-functions {"declared":true,"installed":true,"version":"3.13.0","resolution":"/home/avijit/Desktop/personal_projects/amazon-clone/functions/node_modules/firebase-functions/lib/index.js"} {"metadata":{"emulator":{"name":"functions"},"message":"[runtime-status] [663741] Resolved module firebase-functions {\"declared\":true,\"installed\":true,\"version\":\"3.13.0\",\"resolution\":\"/home/avijit/Desktop/personal_projects/amazon-clone/functions/node_modules/firebase-functions/lib/index.js\"}"}}
[debug] [2020-12-22T15:29:18.760Z] [runtime-status] [663741] firebase-admin has been stubbed. {"adminResolution":{"declared":true,"installed":true,"version":"9.4.2","resolution":"/home/avijit/Desktop/personal_projects/amazon-clone/functions/node_modules/firebase-admin/lib/index.js"}} {"metadata":{"emulator":{"name":"functions"},"message":"[runtime-status] [663741] firebase-admin has been stubbed. {\"adminResolution\":{\"declared\":true,\"installed\":true,\"version\":\"9.4.2\",\"resolution\":\"/home/avijit/Desktop/personal_projects/amazon-clone/functions/node_modules/firebase-admin/lib/index.js\"}}"}}
[info] ✔  functions[api]: http function initialized (http://localhost:5001/clone-d754c/us-central1/api). {"metadata":{"emulator":{"name":"functions"},"message":"\u001b[1mhttp\u001b[22m function initialized (http://localhost:5001/clone-d754c/us-central1/api)."}}
[info] 
┌─────────────────────────────────────────────────────────────┐
│ ✔  All emulators ready! It is now safe to connect your app. │
│ i  View Emulator UI at http://localhost:4000                │
└─────────────────────────────────────────────────────────────┘

┌───────────┬────────────────┬─────────────────────────────────┐
│ Emulator  │ Host:Port      │ View in Emulator UI             │
├───────────┼────────────────┼─────────────────────────────────┤
│ Functions │ localhost:5001 │ http://localhost:4000/functions │
├───────────┼────────────────┼─────────────────────────────────┤
│ Hosting   │ localhost:5000 │ n/a                             │
└───────────┴────────────────┴─────────────────────────────────┘
  Emulator Hub running at localhost:4400
  Other reserved ports: 4500

Issues? Report them at https://github.com/firebase/firebase-tools/issues and attach the *-debug.log files.
 
[debug] [2020-12-22T15:29:20.451Z] [worker-~diagnostic~-d88ccc99-25a3-46a6-b367-eca25478191a]: IDLE {"metadata":{"emulator":{"name":"functions"},"message":"[worker-~diagnostic~-d88ccc99-25a3-46a6-b367-eca25478191a]: IDLE"}}
[debug] [2020-12-22T15:33:21.973Z] [work-queue] {"queueLength":1,"workRunningCount":0}
[debug] [2020-12-22T15:33:21.974Z] [work-queue] {"queueLength":0,"workRunningCount":1}
[debug] [2020-12-22T15:33:21.975Z] Accepted request POST /clone-d754c/us-central1/api/payments/create?total=0 --> api
[debug] [2020-12-22T15:33:21.992Z] [worker-pool] addWorker(api) {"metadata":{"emulator":{"name":"functions"},"message":"[worker-pool] addWorker(api)"}}
[debug] [2020-12-22T15:33:21.992Z] [worker-pool] Adding worker with key api, total=1 {"metadata":{"emulator":{"name":"functions"},"message":"[worker-pool] Adding worker with key api, total=1"}}
[debug] [2020-12-22T15:33:21.993Z] [worker-pool] submitWork(triggerId=api) {"metadata":{"emulator":{"name":"functions"},"message":"[worker-pool] submitWork(triggerId=api)"}}
[debug] [2020-12-22T15:33:21.993Z] [worker-api-eeeeab6b-9c98-4743-ba66-3784c88d3817]: Assigning socketPath: /tmp/fire_emu_663826.sock {"metadata":{"emulator":{"name":"functions"},"message":"[worker-api-eeeeab6b-9c98-4743-ba66-3784c88d3817]: Assigning socketPath: /tmp/fire_emu_663826.sock"}}
[debug] [2020-12-22T15:33:21.994Z] [worker-api-eeeeab6b-9c98-4743-ba66-3784c88d3817]: BUSY {"metadata":{"emulator":{"name":"functions"},"message":"[worker-api-eeeeab6b-9c98-4743-ba66-3784c88d3817]: BUSY"}}
[debug] [2020-12-22T15:33:22.325Z] [runtime-status] [663826] Functions runtime initialized. {"cwd":"/home/avijit/Desktop/personal_projects/amazon-clone/functions","node_version":"12.18.3"} {"metadata":{"emulator":{"name":"functions"},"function":{"name":"api"},"message":"[runtime-status] [663826] Functions runtime initialized. {\"cwd\":\"/home/avijit/Desktop/personal_projects/amazon-clone/functions\",\"node_version\":\"12.18.3\"}"}}
[debug] [2020-12-22T15:33:22.328Z] [runtime-status] [663826] Disabled runtime features: undefined {"metadata":{"emulator":{"name":"functions"},"function":{"name":"api"},"message":"[runtime-status] [663826] Disabled runtime features: undefined"}}
[debug] [2020-12-22T15:33:22.344Z] [runtime-status] [663826] Resolved module firebase-admin {"declared":true,"installed":true,"version":"9.4.2","resolution":"/home/avijit/Desktop/personal_projects/amazon-clone/functions/node_modules/firebase-admin/lib/index.js"} {"metadata":{"emulator":{"name":"functions"},"function":{"name":"api"},"message":"[runtime-status] [663826] Resolved module firebase-admin {\"declared\":true,\"installed\":true,\"version\":\"9.4.2\",\"resolution\":\"/home/avijit/Desktop/personal_projects/amazon-clone/functions/node_modules/firebase-admin/lib/index.js\"}"}}
[debug] [2020-12-22T15:33:22.345Z] [runtime-status] [663826] Resolved module firebase-functions {"declared":true,"installed":true,"version":"3.13.0","resolution":"/home/avijit/Desktop/personal_projects/amazon-clone/functions/node_modules/firebase-functions/lib/index.js"} {"metadata":{"emulator":{"name":"functions"},"function":{"name":"api"},"message":"[runtime-status] [663826] Resolved module firebase-functions {\"declared\":true,\"installed\":true,\"version\":\"3.13.0\",\"resolution\":\"/home/avijit/Desktop/personal_projects/amazon-clone/functions/node_modules/firebase-functions/lib/index.js\"}"}}
[debug] [2020-12-22T15:33:22.345Z] [runtime-status] [663826] Resolved module firebase-functions {"declared":true,"installed":true,"version":"3.13.0","resolution":"/home/avijit/Desktop/personal_projects/amazon-clone/functions/node_modules/firebase-functions/lib/index.js"} {"metadata":{"emulator":{"name":"functions"},"function":{"name":"api"},"message":"[runtime-status] [663826] Resolved module firebase-functions {\"declared\":true,\"installed\":true,\"version\":\"3.13.0\",\"resolution\":\"/home/avijit/Desktop/personal_projects/amazon-clone/functions/node_modules/firebase-functions/lib/index.js\"}"}}
[debug] [2020-12-22T15:33:22.346Z] [runtime-status] [663826] Outgoing network have been stubbed. [{"name":"http","status":"mocked"},{"name":"http","status":"mocked"},{"name":"https","status":"mocked"},{"name":"https","status":"mocked"},{"name":"net","status":"mocked"}] {"metadata":{"emulator":{"name":"functions"},"function":{"name":"api"},"message":"[runtime-status] [663826] Outgoing network have been stubbed. [{\"name\":\"http\",\"status\":\"mocked\"},{\"name\":\"http\",\"status\":\"mocked\"},{\"name\":\"https\",\"status\":\"mocked\"},{\"name\":\"https\",\"status\":\"mocked\"},{\"name\":\"net\",\"status\":\"mocked\"}]"}}
[debug] [2020-12-22T15:33:22.346Z] [runtime-status] [663826] Resolved module firebase-functions {"declared":true,"installed":true,"version":"3.13.0","resolution":"/home/avijit/Desktop/personal_projects/amazon-clone/functions/node_modules/firebase-functions/lib/index.js"} {"metadata":{"emulator":{"name":"functions"},"function":{"name":"api"},"message":"[runtime-status] [663826] Resolved module firebase-functions {\"declared\":true,\"installed\":true,\"version\":\"3.13.0\",\"resolution\":\"/home/avijit/Desktop/personal_projects/amazon-clone/functions/node_modules/firebase-functions/lib/index.js\"}"}}
[debug] [2020-12-22T15:33:22.450Z] [runtime-status] [663826] Checked functions.config() {"config":{}} {"metadata":{"emulator":{"name":"functions"},"function":{"name":"api"},"message":"[runtime-status] [663826] Checked functions.config() {\"config\":{}}"}}
[debug] [2020-12-22T15:33:22.451Z] [runtime-status] [663826] firebase-functions has been stubbed. {"functionsResolution":{"declared":true,"installed":true,"version":"3.13.0","resolution":"/home/avijit/Desktop/personal_projects/amazon-clone/functions/node_modules/firebase-functions/lib/index.js"}} {"metadata":{"emulator":{"name":"functions"},"function":{"name":"api"},"message":"[runtime-status] [663826] firebase-functions has been stubbed. {\"functionsResolution\":{\"declared\":true,\"installed\":true,\"version\":\"3.13.0\",\"resolution\":\"/home/avijit/Desktop/personal_projects/amazon-clone/functions/node_modules/firebase-functions/lib/index.js\"}}"}}
[debug] [2020-12-22T15:33:22.453Z] [runtime-status] [663826] Resolved module firebase-functions {"declared":true,"installed":true,"version":"3.13.0","resolution":"/home/avijit/Desktop/personal_projects/amazon-clone/functions/node_modules/firebase-functions/lib/index.js"} {"metadata":{"emulator":{"name":"functions"},"function":{"name":"api"},"message":"[runtime-status] [663826] Resolved module firebase-functions {\"declared\":true,\"installed\":true,\"version\":\"3.13.0\",\"resolution\":\"/home/avijit/Desktop/personal_projects/amazon-clone/functions/node_modules/firebase-functions/lib/index.js\"}"}}
[debug] [2020-12-22T15:33:22.457Z] [runtime-status] [663826] Resolved module firebase-admin {"declared":true,"installed":true,"version":"9.4.2","resolution":"/home/avijit/Desktop/personal_projects/amazon-clone/functions/node_modules/firebase-admin/lib/index.js"} {"metadata":{"emulator":{"name":"functions"},"function":{"name":"api"},"message":"[runtime-status] [663826] Resolved module firebase-admin {\"declared\":true,\"installed\":true,\"version\":\"9.4.2\",\"resolution\":\"/home/avijit/Desktop/personal_projects/amazon-clone/functions/node_modules/firebase-admin/lib/index.js\"}"}}
[debug] [2020-12-22T15:33:22.457Z] [runtime-status] [663826] Resolved module firebase-functions {"declared":true,"installed":true,"version":"3.13.0","resolution":"/home/avijit/Desktop/personal_projects/amazon-clone/functions/node_modules/firebase-functions/lib/index.js"} {"metadata":{"emulator":{"name":"functions"},"function":{"name":"api"},"message":"[runtime-status] [663826] Resolved module firebase-functions {\"declared\":true,\"installed\":true,\"version\":\"3.13.0\",\"resolution\":\"/home/avijit/Desktop/personal_projects/amazon-clone/functions/node_modules/firebase-functions/lib/index.js\"}"}}
[debug] [2020-12-22T15:33:22.458Z] [runtime-status] [663826] firebase-admin has been stubbed. {"adminResolution":{"declared":true,"installed":true,"version":"9.4.2","resolution":"/home/avijit/Desktop/personal_projects/amazon-clone/functions/node_modules/firebase-admin/lib/index.js"}} {"metadata":{"emulator":{"name":"functions"},"function":{"name":"api"},"message":"[runtime-status] [663826] firebase-admin has been stubbed. {\"adminResolution\":{\"declared\":true,\"installed\":true,\"version\":\"9.4.2\",\"resolution\":\"/home/avijit/Desktop/personal_projects/amazon-clone/functions/node_modules/firebase-admin/lib/index.js\"}}"}}
[debug] [2020-12-22T15:33:22.647Z] [runtime-status] [663826] Trigger "api" has been found, beginning invocation! {"metadata":{"emulator":{"name":"functions"},"function":{"name":"api"},"message":"[runtime-status] [663826] Trigger \"api\" has been found, beginning invocation!"}}
[info] i  functions: Beginning execution of "api" {"metadata":{"emulator":{"name":"functions"},"function":{"name":"api"},"message":"Beginning execution of \"api\""}}
[debug] [2020-12-22T15:33:22.649Z] [runtime-status] [663826] triggerDefinition {"httpsTrigger":{},"name":"api","entryPoint":"api"} {"metadata":{"emulator":{"name":"functions"},"function":{"name":"api"},"message":"[runtime-status] [663826] triggerDefinition {\"httpsTrigger\":{},\"name\":\"api\",\"entryPoint\":\"api\"}"}}
[debug] [2020-12-22T15:33:22.650Z] [runtime-status] [663826] Running api in mode HTTPS {"metadata":{"emulator":{"name":"functions"},"function":{"name":"api"},"message":"[runtime-status] [663826] Running api in mode HTTPS"}}
[debug] [2020-12-22T15:33:22.656Z] [runtime-status] [663826] Attempting to listen to socketPath: /tmp/fire_emu_663826.sock {"metadata":{"emulator":{"name":"functions"},"function":{"name":"api"},"message":"[runtime-status] [663826] Attempting to listen to socketPath: /tmp/fire_emu_663826.sock"}}
[debug] [2020-12-22T15:33:22.664Z] [functions] Runtime ready! Sending request! {"metadata":{"emulator":{"name":"functions"},"message":"[functions] Runtime ready! Sending request!"}}
[debug] [2020-12-22T15:33:22.990Z] [runtime-status] [663826] Ephemeral server handling POST request {"metadata":{"emulator":{"name":"functions"},"function":{"name":"api"},"message":"[runtime-status] [663826] Ephemeral server handling POST request"}}
[info] >  Payment Request Recieved BOOM!!! for this amount >>>  0 {"user":"Payment Request Recieved BOOM!!! for this amount >>>  0","metadata":{"emulator":{"name":"functions"},"function":{"name":"api"},"message":"\u001b[90m> \u001b[39m Payment Request Recieved BOOM!!! for this amount >>>  0"}}
[debug] [2020-12-22T15:33:23.031Z] [runtime-status] [663826] Ephemeral server survived. {"metadata":{"emulator":{"name":"functions"},"function":{"name":"api"},"message":"[runtime-status] [663826] Ephemeral server survived."}}
[warn] ⚠  functions: Your function timed out after ~60s. To configure this timeout, see
      https://firebase.google.com/docs/functions/manage-functions#set_timeout_and_memory_allocation. {"metadata":{"emulator":{"name":"functions"},"function":{"name":"api"},"message":"Your function timed out after ~60s. To configure this timeout, see\n      https://firebase.google.com/docs/functions/manage-functions#set_timeout_and_memory_allocation."}}
[info] >  /usr/local/lib/node_modules/firebase-tools/lib/emulator/functionsEmulatorRuntime.js:638 {"user":"/usr/local/lib/node_modules/firebase-tools/lib/emulator/functionsEmulatorRuntime.js:638","metadata":{"emulator":{"name":"functions"},"function":{"name":"api"},"message":"\u001b[90m> \u001b[39m /usr/local/lib/node_modules/firebase-tools/lib/emulator/functionsEmulatorRuntime.js:638"}}
[info] >              throw new Error("Function timed out."); {"user":"            throw new Error(\"Function timed out.\");","metadata":{"emulator":{"name":"functions"},"function":{"name":"api"},"message":"\u001b[90m> \u001b[39m             throw new Error(\"Function timed out.\");"}}
[info] >              ^ {"user":"            ^","metadata":{"emulator":{"name":"functions"},"function":{"name":"api"},"message":"\u001b[90m> \u001b[39m             ^"}}
[info] >   {"user":"","metadata":{"emulator":{"name":"functions"},"function":{"name":"api"},"message":"\u001b[90m> \u001b[39m "}}
[info] >  Error: Function timed out. {"user":"Error: Function timed out.","metadata":{"emulator":{"name":"functions"},"function":{"name":"api"},"message":"\u001b[90m> \u001b[39m Error: Function timed out."}}
[info] >      at Timeout._onTimeout (/usr/local/lib/node_modules/firebase-tools/lib/emulator/functionsEmulatorRuntime.js:638:19) {"user":"    at Timeout._onTimeout (/usr/local/lib/node_modules/firebase-tools/lib/emulator/functionsEmulatorRuntime.js:638:19)","metadata":{"emulator":{"name":"functions"},"function":{"name":"api"},"message":"\u001b[90m> \u001b[39m     at Timeout._onTimeout (/usr/local/lib/node_modules/firebase-tools/lib/emulator/functionsEmulatorRuntime.js:638:19)"}}
[info] >      at listOnTimeout (internal/timers.js:549:17) {"user":"    at listOnTimeout (internal/timers.js:549:17)","metadata":{"emulator":{"name":"functions"},"function":{"name":"api"},"message":"\u001b[90m> \u001b[39m     at listOnTimeout (internal/timers.js:549:17)"}}
[info] >      at processTimers (internal/timers.js:492:7) {"user":"    at processTimers (internal/timers.js:492:7)","metadata":{"emulator":{"name":"functions"},"function":{"name":"api"},"message":"\u001b[90m> \u001b[39m     at processTimers (internal/timers.js:492:7)"}}
[debug] [2020-12-22T15:34:22.677Z] [worker-api-eeeeab6b-9c98-4743-ba66-3784c88d3817]: exited {"metadata":{"emulator":{"name":"functions"},"message":"[worker-api-eeeeab6b-9c98-4743-ba66-3784c88d3817]: exited"}}
[debug] [2020-12-22T15:34:22.677Z] [worker-api-eeeeab6b-9c98-4743-ba66-3784c88d3817]: FINISHED {"metadata":{"emulator":{"name":"functions"},"message":"[worker-api-eeeeab6b-9c98-4743-ba66-3784c88d3817]: FINISHED"}}
[debug] [2020-12-22T15:34:22.678Z] [work-queue] {"queueLength":0,"workRunningCount":0}
