[debug] [2020-12-20T20:30:23.240Z] ----------------------------------------------------------------------
[debug] [2020-12-20T20:30:23.243Z] Command:       /home/avijit/.nvm/versions/node/v12.18.3/bin/node /usr/local/bin/firebase init
[debug] [2020-12-20T20:30:23.243Z] CLI Version:   9.0.1
[debug] [2020-12-20T20:30:23.244Z] Platform:      linux
[debug] [2020-12-20T20:30:23.244Z] Node Version:  v12.18.3
[debug] [2020-12-20T20:30:23.244Z] Time:          Mon Dec 21 2020 02:00:23 GMT+0530 (India Standard Time)
[debug] [2020-12-20T20:30:23.244Z] ----------------------------------------------------------------------
[debug] [2020-12-20T20:30:23.245Z] 
[debug] [2020-12-20T20:30:23.250Z] > command requires scopes: ["email","openid","https://www.googleapis.com/auth/cloudplatformprojects.readonly","https://www.googleapis.com/auth/firebase","https://www.googleapis.com/auth/cloud-platform"]
[debug] [2020-12-20T20:30:23.250Z] > authorizing via signed-in user
[info] 
     ######## #### ########  ######## ########     ###     ######  ########
     ##        ##  ##     ## ##       ##     ##  ##   ##  ##       ##
     ######    ##  ########  ######   ########  #########  ######  ######
     ##        ##  ##    ##  ##       ##     ## ##     ##       ## ##
     ##       #### ##     ## ######## ########  ##     ##  ######  ########

You're about to initialize a Firebase project in this directory:

  /home/avijit/Desktop/personal_projects/amazon-clone

[info] 
=== Project Setup
[info] 
[info] First, let's associate this project directory with a Firebase project.
[info] You can create multiple project aliases by running firebase use --add, 
[info] but for now we'll just set up a default project.
[info] 
[debug] [2020-12-20T20:30:59.796Z] > refreshing access token with scopes: ["email","https://www.googleapis.com/auth/cloud-platform","https://www.googleapis.com/auth/cloudplatformprojects.readonly","https://www.googleapis.com/auth/firebase","openid"]
[debug] [2020-12-20T20:30:59.797Z] >>> HTTP REQUEST POST https://www.googleapis.com/oauth2/v3/token  
 <request body omitted>
[debug] [2020-12-20T20:31:00.117Z] <<< HTTP RESPONSE 200 {"pragma":"no-cache","cache-control":"no-cache, no-store, max-age=0, must-revalidate","expires":"Mon, 01 Jan 1990 00:00:00 GMT","date":"Sun, 20 Dec 2020 20:31:00 GMT","content-type":"application/json; charset=utf-8","vary":"X-Origin, Referer, Origin,Accept-Encoding","server":"scaffolding on HTTPServer2","x-xss-protection":"0","x-frame-options":"SAMEORIGIN","x-content-type-options":"nosniff","alt-svc":"h3-29=\":443\"; ma=2592000,h3-T051=\":443\"; ma=2592000,h3-Q050=\":443\"; ma=2592000,h3-Q046=\":443\"; ma=2592000,h3-Q043=\":443\"; ma=2592000,quic=\":443\"; ma=2592000; v=\"46,43\"","accept-ranges":"none","transfer-encoding":"chunked"}
[debug] [2020-12-20T20:31:00.164Z] >>> HTTP REQUEST GET https://firebase.googleapis.com/v1beta1/projects?pageSize=100  
 
[debug] [2020-12-20T20:31:00.938Z] <<< HTTP RESPONSE 200 {"content-type":"application/json; charset=UTF-8","vary":"X-Origin, Referer, Origin,Accept-Encoding","date":"Sun, 20 Dec 2020 20:31:00 GMT","server":"ESF","cache-control":"private","x-xss-protection":"0","x-frame-options":"SAMEORIGIN","x-content-type-options":"nosniff","alt-svc":"h3-29=\":443\"; ma=2592000,h3-T051=\":443\"; ma=2592000,h3-Q050=\":443\"; ma=2592000,h3-Q046=\":443\"; ma=2592000,h3-Q043=\":443\"; ma=2592000,quic=\":443\"; ma=2592000; v=\"46,43\"","accept-ranges":"none","transfer-encoding":"chunked"}
[info] i  Using project clone-d754c (amazon-clone) 
[info] 
=== Hosting Setup
[info] 
[info] Your public directory is the folder (relative to your project directory) that
[info] will contain Hosting assets to be uploaded with firebase deploy. If you
[info] have a build process for your assets, use your build's output directory.
[info] 
[debug] [2020-12-20T20:31:49.636Z] >>> [apiv2][query] GET https://www.gstatic.com/firebasejs/releases.json [none]
[debug] [2020-12-20T20:31:49.885Z] <<< [apiv2][status] GET https://www.gstatic.com/firebasejs/releases.json 200
[debug] [2020-12-20T20:31:49.886Z] <<< [apiv2][body] GET https://www.gstatic.com/firebasejs/releases.json {"current":{"version":"8.2.1","browserURL":"https://www.gstatic.com/firebasejs/8.2.1/firebase.js","packageURL":"https://www.gstatic.com/firebasejs/8.2.1/firebase.tgz"},"live":{"version":"8.2","browserURL":"https://www.gstatic.com/firebasejs/live/8.2/firebase.js","packageURL":"https://www.gstatic.com/firebasejs/live/8.2/firebase.tgz"},"components":{"analytics":"https://www.gstatic.com/firebasejs/8.2.1/firebase-analytics.js","app":"https://www.gstatic.com/firebasejs/8.2.1/firebase-app.js","auth":"https://www.gstatic.com/firebasejs/8.2.1/firebase-auth.js","database":"https://www.gstatic.com/firebasejs/8.2.1/firebase-database.js","firestore":"https://www.gstatic.com/firebasejs/8.2.1/firebase-firestore.js","functions":"https://www.gstatic.com/firebasejs/8.2.1/firebase-functions.js","installations":"https://www.gstatic.com/firebasejs/8.2.1/firebase-installations.js","messaging":"https://www.gstatic.com/firebasejs/8.2.1/firebase-messaging.js","storage":"https://www.gstatic.com/firebasejs/8.2.1/firebase-storage.js","performance":"https://www.gstatic.com/firebasejs/8.2.1/firebase-performance.js","remote-config":"https://www.gstatic.com/firebasejs/8.2.1/firebase-remote-config.js","firestore.memory":"https://www.gstatic.com/firebasejs/8.2.1/firebase-firestore.memory.js"}}
[info] ✔  Wrote build/index.html 
[info] 
[info] i  Detected a .git folder at /home/avijit/Desktop/personal_projects/amazon-clone 
[info] i  Authorizing with GitHub to upload your service account to a GitHub repository's secrets store. 
[info] 
[info] Visit this URL on this device to log in:
[info] https://github.com/login/oauth/authorize?client_id=89cf50f02ac6aaed3484&state=1007440686&redirect_uri=http%3A%2F%2Flocalhost%3A9005&scope=read%3Auser%20repo%20public_repo
[info] 
[info] Waiting for authentication...
[debug] [2020-12-20T20:32:13.584Z] >>> HTTP REQUEST POST https://github.com/login/oauth/access_token  
 {"client_id":"89cf50f02ac6aaed3484","client_secret":"3330d14abc895d9a74d5f17cd7a00711fa2c5bf0","code":"a38d27c8050ce2dc338c","redirect_uri":"http://localhost:9005","state":"1007440686"}
[debug] [2020-12-20T20:32:13.886Z] <<< HTTP RESPONSE 200 {"date":"Sun, 20 Dec 2020 20:32:13 GMT","content-type":"application/json; charset=utf-8","transfer-encoding":"chunked","server":"GitHub.com","status":"200 OK","vary":"X-PJAX, Accept-Encoding, Accept, X-Requested-With, Accept-Encoding","etag":"W/\"4c68fe7e2224f1c3ccab4b57c47f2185\"","cache-control":"max-age=0, private, must-revalidate","strict-transport-security":"max-age=31536000; includeSubdomains; preload","x-frame-options":"deny","x-content-type-options":"nosniff","x-xss-protection":"1; mode=block","referrer-policy":"origin-when-cross-origin, strict-origin-when-cross-origin","expect-ct":"max-age=2592000, report-uri=\"https://api.github.com/_private/browser/errors\"","content-security-policy":"default-src 'none'; base-uri 'self'; block-all-mixed-content; connect-src 'self' uploads.github.com www.githubstatus.com collector.githubapp.com api.github.com github-cloud.s3.amazonaws.com github-production-repository-file-5c1aeb.s3.amazonaws.com github-production-upload-manifest-file-7fdce7.s3.amazonaws.com github-production-user-asset-6210df.s3.amazonaws.com cdn.optimizely.com logx.optimizely.com/v1/events wss://alive.github.com; font-src github.githubassets.com; form-action 'self' github.com gist.github.com; frame-ancestors 'none'; frame-src render.githubusercontent.com; img-src 'self' data: github.githubassets.com identicons.github.com collector.githubapp.com github-cloud.s3.amazonaws.com *.githubusercontent.com; manifest-src 'self'; media-src 'none'; script-src github.githubassets.com; style-src 'unsafe-inline' github.githubassets.com; worker-src github.com/socket-worker-5029ae85.js gist.github.com/socket-worker-5029ae85.js","x-github-request-id":"6857:4382:1054529:14E240A:5FDFB4CD"}
[debug] [2020-12-20T20:32:13.892Z] >>> [apiv2][query] GET https://api.github.com/user [none]
[debug] [2020-12-20T20:32:14.288Z] <<< [apiv2][status] GET https://api.github.com/user 200
[debug] [2020-12-20T20:32:14.289Z] <<< [apiv2][body] GET https://api.github.com/user {"login":"avijit-wd","id":52578734,"node_id":"MDQ6VXNlcjUyNTc4NzM0","avatar_url":"https://avatars1.githubusercontent.com/u/52578734?v=4","gravatar_id":"","url":"https://api.github.com/users/avijit-wd","html_url":"https://github.com/avijit-wd","followers_url":"https://api.github.com/users/avijit-wd/followers","following_url":"https://api.github.com/users/avijit-wd/following{/other_user}","gists_url":"https://api.github.com/users/avijit-wd/gists{/gist_id}","starred_url":"https://api.github.com/users/avijit-wd/starred{/owner}{/repo}","subscriptions_url":"https://api.github.com/users/avijit-wd/subscriptions","organizations_url":"https://api.github.com/users/avijit-wd/orgs","repos_url":"https://api.github.com/users/avijit-wd/repos","events_url":"https://api.github.com/users/avijit-wd/events{/privacy}","received_events_url":"https://api.github.com/users/avijit-wd/received_events","type":"User","site_admin":false,"name":"Avijit Biswas","company":"Wipro","blog":"NA","location":"Pune","email":null,"hireable":true,"bio":"Web Developer. Focused on React/node.","twitter_username":null,"public_repos":47,"public_gists":0,"followers":1,"following":0,"created_at":"2019-07-05T16:46:40Z","updated_at":"2020-12-20T20:32:13Z","private_gists":0,"total_private_repos":0,"owned_private_repos":0,"disk_usage":102505,"collaborators":0,"two_factor_authentication":false,"plan":{"name":"free","space":976562499,"collaborators":0,"private_repos":10000}}
[info] 
[info] ✔  Success! Logged into GitHub as avijit-wd 
[info] 
[debug] [2020-12-20T20:32:37.864Z] >>> [apiv2][query] GET https://api.github.com/repos//actions/secrets/public-key type=owner
[debug] [2020-12-20T20:32:38.146Z] <<< [apiv2][status] GET https://api.github.com/repos//actions/secrets/public-key 404
[debug] [2020-12-20T20:32:38.147Z] <<< [apiv2][body] GET https://api.github.com/repos//actions/secrets/public-key {"message":"Not Found","documentation_url":"https://docs.github.com/rest"}
